app/build/outputs/logs/manifest-merger-debug-report.txt
-- Merging decision tree log ---
provider#androidx.startup.InitializationProvider
INJECTED from src\main\AndroidManifest.xml:180:9-188:20
MERGED from [androidx.work:work-runtime:2.10.0] AndroidManifest.xml:29:9-37:20
MERGED from [androidx.work:work-runtime:2.10.0] AndroidManifest.xml:29:9-37:20
MERGED from [androidx.emoji2:emoji2:1.3.0] AndroidManifest.xml:24:9-32:20
MERGED from [androidx.emoji2:emoji2:1.3.0] AndroidManifest.xml:24:9-32:20
MERGED from [androidx.lifecycle:lifecycle-process:2.8.7] AndroidManifest.xml:24:9-32:20
MERGED from [androidx.lifecycle:lifecycle-process:2.8.7] AndroidManifest.xml:24:9-32:20
MERGED from [androidx.profileinstaller:profileinstaller:1.4.1] AndroidManifest.xml:24:9-32:20
MERGED from [androidx.profileinstaller:profileinstaller:1.4.1] AndroidManifest.xml:24:9-32:20
MERGED from [androidx.startup:startup-runtime:1.2.0] AndroidManifest.xml:24:9-28:34
MERGED from [androidx.startup:startup-runtime:1.2.0] AndroidManifest.xml:24:9-28:34
	tools:node
		ADDED from src\main\AndroidManifest.xml:184:13-31
	android:authorities
		INJECTED from src\main\AndroidManifest.xml
		ADDED from src\main\AndroidManifest.xml:182:13-68
	android:exported
		ADDED from src\main\AndroidManifest.xml:183:13-37
	android:name
		ADDED from src\main\AndroidManifest.xml:181:13-67
manifest
ADDED from src\main\AndroidManifest.xml:2:1-191:12
INJECTED from src\main\AndroidManifest.xml:2:1-191:12
INJECTED from src\main\AndroidManifest.xml:2:1-191:12
INJECTED from src\main\AndroidManifest.xml:2:1-191:12
MERGED from [:smswithoutborders_libsignal-doubleratchet] AndroidManifest.xml:2:1-9:12
MERGED from [androidx.navigation:navigation-common:2.8.5] AndroidManifest.xml:17:1-22:12
MERGED from [androidx.navigation:navigation-common-ktx:2.8.5] AndroidManifest.xml:2:1-7:12
MERGED from [androidx.navigation:navigation-runtime:2.8.5] AndroidManifest.xml:17:1-22:12
MERGED from [androidx.navigation:navigation-runtime-ktx:2.8.5] AndroidManifest.xml:2:1-7:12
MERGED from [androidx.navigation:navigation-ui:2.8.5] AndroidManifest.xml:17:1-22:12
MERGED from [androidx.navigation:navigation-fragment:2.8.5] AndroidManifest.xml:17:1-22:12
MERGED from [androidx.navigation:navigation-compose:2.8.5] AndroidManifest.xml:2:1-7:12
MERGED from [com.google.accompanist:accompanist-permissions:0.37.0] AndroidManifest.xml:17:1-23:12
MERGED from [sh.calvin.autolinktext:autolinktext-android-debug:2.0.0] AndroidManifest.xml:2:1-7:12
MERGED from [androidx.compose.material3:material3-android:1.3.1] AndroidManifest.xml:17:1-22:12
MERGED from [androidx.preference:preference:1.2.1] AndroidManifest.xml:17:1-24:12
MERGED from [com.google.android.material:material:1.12.0] AndroidManifest.xml:17:1-24:12
MERGED from [androidx.constraintlayout:constraintlayout:2.2.0] AndroidManifest.xml:2:1-9:12
MERGED from [io.getstream:avatarview-coil:1.0.7] AndroidManifest.xml:17:1-24:12
MERGED from [io.coil-kt:coil:2.2.1] AndroidManifest.xml:2:1-9:12
MERGED from [io.coil-kt:coil-gif:2.2.1] AndroidManifest.xml:2:1-9:12
MERGED from [io.coil-kt:coil-base:2.2.1] AndroidManifest.xml:2:1-9:12
MERGED from [io.coil-kt.coil3:coil-compose-android:3.0.4] AndroidManifest.xml:2:1-7:12
MERGED from [io.coil-kt.coil3:coil-android:3.0.4] AndroidManifest.xml:2:1-7:12
MERGED from [io.coil-kt.coil3:coil-compose-core-android:3.0.4] AndroidManifest.xml:2:1-7:12
MERGED from [io.coil-kt.coil3:coil-network-core-android:3.0.4] AndroidManifest.xml:2:1-7:12
MERGED from [io.coil-kt.coil3:coil-core-android:3.0.4] AndroidManifest.xml:2:1-7:12
MERGED from [androidx.appcompat:appcompat-resources:1.7.0] AndroidManifest.xml:2:1-7:12
MERGED from [io.getstream:avatarview:1.0.7] AndroidManifest.xml:17:1-24:12
MERGED from [androidx.appcompat:appcompat:1.7.0] AndroidManifest.xml:2:1-7:12
MERGED from [androidx.legacy:legacy-support-v4:1.0.0] AndroidManifest.xml:17:1-22:12
MERGED from [androidx.viewpager2:viewpager2:1.0.0] AndroidManifest.xml:17:1-24:12
MERGED from [androidx.fragment:fragment:1.6.2] AndroidManifest.xml:17:1-22:12
MERGED from [androidx.fragment:fragment-ktx:1.6.2] AndroidManifest.xml:17:1-22:12
MERGED from [androidx.activity:activity-ktx:1.10.0] AndroidManifest.xml:2:1-7:12
MERGED from [androidx.compose.material:material-android:1.7.6] AndroidManifest.xml:2:1-7:12
MERGED from [androidx.compose.material:material-ripple-android:1.7.6] AndroidManifest.xml:2:1-7:12
MERGED from [androidx.compose.foundation:foundation-android:1.7.6] AndroidManifest.xml:2:1-7:12
MERGED from [androidx.compose.foundation:foundation-layout-android:1.7.6] AndroidManifest.xml:2:1-7:12
MERGED from [androidx.compose.animation:animation-core-android:1.7.6] AndroidManifest.xml:2:1-7:12
MERGED from [androidx.compose.animation:animation-android:1.7.6] AndroidManifest.xml:2:1-7:12
MERGED from [androidx.compose.ui:ui-tooling-data-android:1.7.6] AndroidManifest.xml:2:1-7:12
MERGED from [androidx.compose.ui:ui-unit-android:1.7.6] AndroidManifest.xml:2:1-7:12
MERGED from [androidx.compose.ui:ui-graphics-android:1.7.6] AndroidManifest.xml:2:1-7:12
MERGED from [androidx.compose.ui:ui-geometry-android:1.7.6] AndroidManifest.xml:2:1-7:12
MERGED from [androidx.compose.ui:ui-util-android:1.7.6] AndroidManifest.xml:2:1-7:12
MERGED from [androidx.compose.ui:ui-text-android:1.7.6] AndroidManifest.xml:2:1-7:12
MERGED from [androidx.compose.ui:ui-tooling-preview-android:1.7.6] AndroidManifest.xml:17:1-22:12
MERGED from [androidx.compose.ui:ui-tooling-android:1.7.6] AndroidManifest.xml:17:1-28:12
MERGED from [androidx.activity:activity-compose:1.10.0] AndroidManifest.xml:2:1-7:12
MERGED from [androidx.work:work-rxjava2:2.10.0] AndroidManifest.xml:17:1-22:12
MERGED from [androidx.work:work-runtime:2.10.0] AndroidManifest.xml:17:1-145:12
MERGED from [androidx.work:work-multiprocess:2.10.0] AndroidManifest.xml:17:1-30:12
MERGED from [androidx.room:room-ktx:2.6.1] AndroidManifest.xml:17:1-22:12
MERGED from [androidx.room:room-runtime:2.6.1] AndroidManifest.xml:17:1-31:12
MERGED from [androidx.room:room-testing:2.6.1] AndroidManifest.xml:17:1-22:12
MERGED from [androidx.room:room-paging:2.6.1] AndroidManifest.xml:17:1-22:12
MERGED from [androidx.paging:paging-common-android:3.3.5] AndroidManifest.xml:2:1-7:12
MERGED from [androidx.paging:paging-guava:3.3.5] AndroidManifest.xml:17:1-22:12
MERGED from [androidx.paging:paging-runtime:3.3.5] AndroidManifest.xml:2:1-7:12
MERGED from [androidx.legacy:legacy-support-core-ui:1.0.0] AndroidManifest.xml:17:1-22:12
MERGED from [androidx.slidingpanelayout:slidingpanelayout:1.2.0] AndroidManifest.xml:17:1-24:12
MERGED from [androidx.transition:transition:1.5.0] AndroidManifest.xml:2:1-7:12
MERGED from [androidx.dynamicanimation:dynamicanimation:1.0.0] AndroidManifest.xml:17:1-22:12
MERGED from [androidx.legacy:legacy-support-core-utils:1.0.0] AndroidManifest.xml:17:1-22:12
MERGED from [androidx.loader:loader:1.0.0] AndroidManifest.xml:17:1-22:12
MERGED from [androidx.emoji2:emoji2-views-helper:1.3.0] AndroidManifest.xml:2:1-7:12
MERGED from [androidx.emoji2:emoji2:1.3.0] AndroidManifest.xml:17:1-35:12
MERGED from [androidx.savedstate:savedstate-ktx:1.2.1] AndroidManifest.xml:17:1-22:12
MERGED from [androidx.savedstate:savedstate:1.2.1] AndroidManifest.xml:17:1-22:12
MERGED from [androidx.test.espresso:espresso-core:3.6.1] AndroidManifest.xml:17:1-24:12
MERGED from [androidx.test:core:1.6.1] AndroidManifest.xml:17:1-53:12
MERGED from [androidx.graphics:graphics-shapes-android:1.0.1] AndroidManifest.xml:2:1-7:12
MERGED from [androidx.customview:customview-poolingcontainer:1.0.0] AndroidManifest.xml:17:1-23:12
MERGED from [androidx.core:core-ktx:1.15.0] AndroidManifest.xml:2:1-7:12
MERGED from [androidx.window:window:1.3.0] AndroidManifest.xml:17:1-31:12
MERGED from [androidx.media:media:1.0.0] AndroidManifest.xml:17:1-22:12
MERGED from [androidx.recyclerview:recyclerview:1.2.1] AndroidManifest.xml:17:1-24:12
MERGED from [androidx.drawerlayout:drawerlayout:1.1.1] AndroidManifest.xml:17:1-24:12
MERGED from [androidx.coordinatorlayout:coordinatorlayout:1.1.0] AndroidManifest.xml:17:1-24:12
MERGED from [androidx.vectordrawable:vectordrawable-animated:1.1.0] AndroidManifest.xml:17:1-24:12
MERGED from [androidx.vectordrawable:vectordrawable:1.1.0] AndroidManifest.xml:17:1-24:12
MERGED from [androidx.viewpager:viewpager:1.0.0] AndroidManifest.xml:17:1-22:12
MERGED from [androidx.customview:customview:1.1.0] AndroidManifest.xml:17:1-24:12
MERGED from [androidx.swiperefreshlayout:swiperefreshlayout:1.0.0] AndroidManifest.xml:17:1-22:12
MERGED from [androidx.asynclayoutinflater:asynclayoutinflater:1.0.0] AndroidManifest.xml:17:1-22:12
MERGED from [androidx.autofill:autofill:1.0.0] AndroidManifest.xml:17:1-24:12
MERGED from [androidx.graphics:graphics-path:1.0.1] AndroidManifest.xml:2:1-7:12
MERGED from [androidx.core:core:1.15.0] AndroidManifest.xml:17:1-30:12
MERGED from [androidx.compose.runtime:runtime-rxjava2:1.7.6] AndroidManifest.xml:2:1-7:12
MERGED from [androidx.compose.runtime:runtime-saveable-android:1.7.6] AndroidManifest.xml:2:1-7:12
MERGED from [androidx.compose.runtime:runtime-android:1.7.6] AndroidManifest.xml:2:1-7:12
MERGED from [androidx.compose.runtime:runtime-livedata:1.7.6] AndroidManifest.xml:2:1-7:12
MERGED from [androidx.lifecycle:lifecycle-runtime-compose-android:2.8.7] AndroidManifest.xml:2:1-7:12
MERGED from [androidx.lifecycle:lifecycle-runtime-android:2.8.7] AndroidManifest.xml:17:1-22:12
MERGED from [androidx.lifecycle:lifecycle-viewmodel:2.8.7] AndroidManifest.xml:2:1-5:12
MERGED from [androidx.lifecycle:lifecycle-viewmodel-android:2.8.7] AndroidManifest.xml:17:1-22:12
MERGED from [androidx.lifecycle:lifecycle-livedata-core-ktx:2.8.7] AndroidManifest.xml:2:1-7:12
MERGED from [androidx.lifecycle:lifecycle-service:2.8.7] AndroidManifest.xml:2:1-7:12
MERGED from [androidx.lifecycle:lifecycle-viewmodel-ktx:2.8.7] AndroidManifest.xml:2:1-7:12
MERGED from [androidx.lifecycle:lifecycle-process:2.8.7] AndroidManifest.xml:17:1-35:12
MERGED from [androidx.lifecycle:lifecycle-livedata-ktx:2.8.7] AndroidManifest.xml:2:1-7:12
MERGED from [androidx.lifecycle:lifecycle-livedata-core:2.8.7] AndroidManifest.xml:17:1-22:12
MERGED from [androidx.lifecycle:lifecycle-livedata:2.8.7] AndroidManifest.xml:17:1-22:12
MERGED from [androidx.lifecycle:lifecycle-viewmodel-savedstate:2.8.7] AndroidManifest.xml:17:1-22:12
MERGED from [androidx.lifecycle:lifecycle-runtime-ktx-android:2.8.7] AndroidManifest.xml:2:1-7:12
MERGED from [androidx.lifecycle:lifecycle-viewmodel-compose-android:2.8.7] AndroidManifest.xml:2:1-7:12
MERGED from [androidx.compose.material:material-icons-extended-android:1.7.6] AndroidManifest.xml:2:1-7:12
MERGED from [androidx.compose.material:material-icons-core-android:1.7.6] AndroidManifest.xml:2:1-7:12
MERGED from [com.google.accompanist:accompanist-drawablepainter:0.36.0] AndroidManifest.xml:17:1-23:12
MERGED from [androidx.compose.ui:ui-android:1.7.6] AndroidManifest.xml:2:1-7:12
MERGED from [androidx.compose.ui:ui-text-google-fonts:1.7.6] AndroidManifest.xml:2:1-7:12
MERGED from [androidx.compose.ui:ui-test-manifest:1.7.6] AndroidManifest.xml:17:1-28:12
MERGED from [androidx.activity:activity:1.10.0] AndroidManifest.xml:17:1-22:12
MERGED from [com.github.kittinunf.fuel:fuel-android:2.3.1] AndroidManifest.xml:2:1-10:12
MERGED from [androidx.datastore:datastore-core-android:1.1.2] AndroidManifest.xml:2:1-7:12
MERGED from [androidx.datastore:datastore-android:1.1.2] AndroidManifest.xml:17:1-22:12
MERGED from [androidx.datastore:datastore-rxjava3:1.1.2] AndroidManifest.xml:17:1-22:12
MERGED from [androidx.datastore:datastore-rxjava2:1.1.2] AndroidManifest.xml:17:1-22:12
MERGED from [androidx.datastore:datastore-preferences-android:1.1.2] AndroidManifest.xml:17:1-22:12
MERGED from [androidx.datastore:datastore-preferences-rxjava3:1.1.2] AndroidManifest.xml:17:1-22:12
MERGED from [androidx.datastore:datastore-preferences-rxjava2:1.1.2] AndroidManifest.xml:17:1-22:12
MERGED from [androidx.sqlite:sqlite-framework:2.4.0] AndroidManifest.xml:17:1-22:12
MERGED from [androidx.sqlite:sqlite:2.4.0] AndroidManifest.xml:17:1-22:12
MERGED from [androidx.test:runner:1.6.1] AndroidManifest.xml:17:1-32:12
MERGED from [androidx.test.services:storage:1.5.0] AndroidManifest.xml:17:1-24:12
MERGED from [androidx.test:monitor:1.7.1] AndroidManifest.xml:17:1-24:12
MERGED from [androidx.annotation:annotation-experimental:1.4.1] AndroidManifest.xml:2:1-7:12
MERGED from [androidx.profileinstaller:profileinstaller:1.4.1] AndroidManifest.xml:17:1-55:12
MERGED from [androidx.startup:startup-runtime:1.2.0] AndroidManifest.xml:17:1-31:12
MERGED from [androidx.tracing:tracing:1.2.0] AndroidManifest.xml:17:1-22:12
MERGED from [androidx.tracing:tracing-ktx:1.2.0] AndroidManifest.xml:17:1-22:12
MERGED from [androidx.window.extensions.core:core:1.0.0] AndroidManifest.xml:2:1-7:12
MERGED from [co.touchlab:kermit-android-debug:2.0.3] AndroidManifest.xml:2:1-7:12
MERGED from [androidx.security:security-crypto:1.1.0-alpha06] AndroidManifest.xml:17:1-22:12
MERGED from [androidx.versionedparcelable:versionedparcelable:1.1.1] AndroidManifest.xml:17:1-27:12
MERGED from [com.jakewharton.rxbinding:rxbinding:0.4.0] AndroidManifest.xml:2:1-8:12
MERGED from [androidx.arch.core:core-runtime:2.2.0] AndroidManifest.xml:17:1-22:12
MERGED from [androidx.cursoradapter:cursoradapter:1.0.0] AndroidManifest.xml:17:1-22:12
MERGED from [androidx.interpolator:interpolator:1.0.0] AndroidManifest.xml:17:1-22:12
MERGED from [androidx.cardview:cardview:1.0.0] AndroidManifest.xml:17:1-22:12
MERGED from [androidx.documentfile:documentfile:1.0.0] AndroidManifest.xml:17:1-22:12
MERGED from [androidx.localbroadcastmanager:localbroadcastmanager:1.0.0] AndroidManifest.xml:17:1-22:12
MERGED from [androidx.print:print:1.0.0] AndroidManifest.xml:17:1-22:12
MERGED from [androidx.exifinterface:exifinterface:1.3.7] AndroidManifest.xml:17:1-24:12
MERGED from [co.touchlab:kermit-core-android-debug:2.0.3] AndroidManifest.xml:2:1-7:12
MERGED from [com.android.volley:volley:1.2.1] AndroidManifest.xml:2:1-7:12
MERGED from [org.conscrypt:conscrypt-android:2.5.2] AndroidManifest.xml:2:1-13:12
MERGED from [androidx.test.espresso:espresso-idling-resource:3.6.1] AndroidManifest.xml:17:1-24:12
MERGED from [io.reactivex:rxandroid:1.1.0] AndroidManifest.xml:15:1-21:12
	package
		INJECTED from src\main\AndroidManifest.xml
	android:versionName
		INJECTED from src\main\AndroidManifest.xml
	xmlns:tools
		ADDED from src\main\AndroidManifest.xml:3:5-51
	android:versionCode
		INJECTED from src\main\AndroidManifest.xml
	xmlns:android
		ADDED from src\main\AndroidManifest.xml:2:11-69
uses-feature#android.hardware.telephony
ADDED from src\main\AndroidManifest.xml:5:5-7:36
	android:required
		ADDED from src\main\AndroidManifest.xml:7:9-33
	android:name
		ADDED from src\main\AndroidManifest.xml:6:9-50
uses-permission#android.permission.READ_CONTACTS
ADDED from src\main\AndroidManifest.xml:9:5-72
	android:name
		ADDED from src\main\AndroidManifest.xml:9:22-69
uses-permission#android.permission.READ_PHONE_STATE
ADDED from src\main\AndroidManifest.xml:10:5-75
	android:name
		ADDED from src\main\AndroidManifest.xml:10:22-72
uses-permission#android.permission.READ_SMS
ADDED from src\main\AndroidManifest.xml:11:5-67
	android:name
		ADDED from src\main\AndroidManifest.xml:11:22-64
uses-permission#android.permission.RECEIVE_SMS
ADDED from src\main\AndroidManifest.xml:12:5-70
	android:name
		ADDED from src\main\AndroidManifest.xml:12:22-67
uses-permission#android.permission.SEND_SMS
ADDED from src\main\AndroidManifest.xml:13:5-67
	android:name
		ADDED from src\main\AndroidManifest.xml:13:22-64
uses-permission#android.permission.RECEIVE_MMS
ADDED from src\main\AndroidManifest.xml:14:5-70
	android:name
		ADDED from src\main\AndroidManifest.xml:14:22-67
uses-permission#android.permission.RECEIVE_WAP_PUSH
ADDED from src\main\AndroidManifest.xml:15:5-75
	android:name
		ADDED from src\main\AndroidManifest.xml:15:22-72
uses-permission#android.permission.INTERNET
ADDED from src\main\AndroidManifest.xml:16:5-67
	android:name
		ADDED from src\main\AndroidManifest.xml:16:22-64
uses-permission#android.permission.POST_NOTIFICATIONS
ADDED from src\main\AndroidManifest.xml:17:5-77
	android:name
		ADDED from src\main\AndroidManifest.xml:17:22-74
uses-permission#android.permission.RECEIVE_BOOT_COMPLETED
ADDED from src\main\AndroidManifest.xml:18:5-81
MERGED from [androidx.work:work-runtime:2.10.0] AndroidManifest.xml:25:5-81
MERGED from [androidx.work:work-runtime:2.10.0] AndroidManifest.xml:25:5-81
	android:name
		ADDED from src\main\AndroidManifest.xml:18:22-78
uses-permission#android.permission.FOREGROUND_SERVICE
ADDED from src\main\AndroidManifest.xml:19:5-77
MERGED from [androidx.work:work-runtime:2.10.0] AndroidManifest.xml:26:5-77
MERGED from [androidx.work:work-runtime:2.10.0] AndroidManifest.xml:26:5-77
	android:name
		ADDED from src\main\AndroidManifest.xml:19:22-74
uses-permission#android.permission.FOREGROUND_SERVICE_DATA_SYNC
ADDED from src\main\AndroidManifest.xml:20:5-87
	android:name
		ADDED from src\main\AndroidManifest.xml:20:22-84
uses-permission#android.permission.CALL_PHONE
ADDED from src\main\AndroidManifest.xml:21:5-69
	android:name
		ADDED from src\main\AndroidManifest.xml:21:22-66
queries
ADDED from src\main\AndroidManifest.xml:23:5-31:15
MERGED from [androidx.test:runner:1.6.1] AndroidManifest.xml:24:5-28:15
MERGED from [androidx.test:runner:1.6.1] AndroidManifest.xml:24:5-28:15
intent#action:name:android.provider.Telephony.SMS_DELIVER
ADDED from src\main\AndroidManifest.xml:24:9-26:18
action#android.provider.Telephony.SMS_DELIVER
ADDED from src\main\AndroidManifest.xml:25:13-77
	android:name
		ADDED from src\main\AndroidManifest.xml:25:21-74
intent#action:name:android.intent.action.SENDTO+data:host:*+data:scheme:smsto
ADDED from src\main\AndroidManifest.xml:27:9-30:18
action#android.intent.action.SENDTO
ADDED from src\main\AndroidManifest.xml:28:13-66
	android:name
		ADDED from src\main\AndroidManifest.xml:28:21-64
data
ADDED from src\main\AndroidManifest.xml:29:13-61
	android:host
		ADDED from src\main\AndroidManifest.xml:29:42-58
	android:scheme
		ADDED from src\main\AndroidManifest.xml:29:19-41
	android:mimeType
		ADDED from src\main\AndroidManifest.xml:59:23-52
application
ADDED from src\main\AndroidManifest.xml:33:5-189:19
INJECTED from src\main\AndroidManifest.xml:33:5-189:19
MERGED from [:smswithoutborders_libsignal-doubleratchet] AndroidManifest.xml:7:5-53
MERGED from [:smswithoutborders_libsignal-doubleratchet] AndroidManifest.xml:7:5-53
MERGED from [com.google.android.material:material:1.12.0] AndroidManifest.xml:22:5-20
MERGED from [com.google.android.material:material:1.12.0] AndroidManifest.xml:22:5-20
MERGED from [androidx.constraintlayout:constraintlayout:2.2.0] AndroidManifest.xml:7:5-20
MERGED from [androidx.constraintlayout:constraintlayout:2.2.0] AndroidManifest.xml:7:5-20
MERGED from [androidx.compose.ui:ui-tooling-android:1.7.6] AndroidManifest.xml:22:5-26:19
MERGED from [androidx.compose.ui:ui-tooling-android:1.7.6] AndroidManifest.xml:22:5-26:19
MERGED from [androidx.work:work-runtime:2.10.0] AndroidManifest.xml:28:5-143:19
MERGED from [androidx.work:work-runtime:2.10.0] AndroidManifest.xml:28:5-143:19
MERGED from [androidx.work:work-multiprocess:2.10.0] AndroidManifest.xml:23:5-28:19
MERGED from [androidx.work:work-multiprocess:2.10.0] AndroidManifest.xml:23:5-28:19
MERGED from [androidx.room:room-runtime:2.6.1] AndroidManifest.xml:23:5-29:19
MERGED from [androidx.room:room-runtime:2.6.1] AndroidManifest.xml:23:5-29:19
MERGED from [androidx.emoji2:emoji2:1.3.0] AndroidManifest.xml:23:5-33:19
MERGED from [androidx.emoji2:emoji2:1.3.0] AndroidManifest.xml:23:5-33:19
MERGED from [androidx.test:core:1.6.1] AndroidManifest.xml:26:5-51:19
MERGED from [androidx.test:core:1.6.1] AndroidManifest.xml:26:5-51:19
MERGED from [androidx.window:window:1.3.0] AndroidManifest.xml:22:5-29:19
MERGED from [androidx.window:window:1.3.0] AndroidManifest.xml:22:5-29:19
MERGED from [androidx.core:core:1.15.0] AndroidManifest.xml:28:5-89
MERGED from [androidx.core:core:1.15.0] AndroidManifest.xml:28:5-89
MERGED from [androidx.lifecycle:lifecycle-process:2.8.7] AndroidManifest.xml:23:5-33:19
MERGED from [androidx.lifecycle:lifecycle-process:2.8.7] AndroidManifest.xml:23:5-33:19
MERGED from [androidx.compose.ui:ui-test-manifest:1.7.6] AndroidManifest.xml:22:5-26:19
MERGED from [androidx.compose.ui:ui-test-manifest:1.7.6] AndroidManifest.xml:22:5-26:19
MERGED from [androidx.test:runner:1.6.1] AndroidManifest.xml:30:5-20
MERGED from [androidx.test:runner:1.6.1] AndroidManifest.xml:30:5-20
MERGED from [androidx.profileinstaller:profileinstaller:1.4.1] AndroidManifest.xml:23:5-53:19
MERGED from [androidx.profileinstaller:profileinstaller:1.4.1] AndroidManifest.xml:23:5-53:19
MERGED from [androidx.startup:startup-runtime:1.2.0] AndroidManifest.xml:23:5-29:19
MERGED from [androidx.startup:startup-runtime:1.2.0] AndroidManifest.xml:23:5-29:19
MERGED from [androidx.versionedparcelable:versionedparcelable:1.1.1] AndroidManifest.xml:24:5-25:19
MERGED from [androidx.versionedparcelable:versionedparcelable:1.1.1] AndroidManifest.xml:24:5-25:19
MERGED from [org.conscrypt:conscrypt-android:2.5.2] AndroidManifest.xml:11:5-20
MERGED from [org.conscrypt:conscrypt-android:2.5.2] AndroidManifest.xml:11:5-20
	android:extractNativeLibs
		INJECTED from src\main\AndroidManifest.xml
	android:localeConfig
		ADDED from src\main\AndroidManifest.xml:39:9-51
	android:appComponentFactory
		ADDED from [androidx.core:core:1.15.0] AndroidManifest.xml:28:18-86
	android:supportsRtl
		ADDED from src\main\AndroidManifest.xml:42:9-35
	android:label
		ADDED from src\main\AndroidManifest.xml:38:9-41
	android:fullBackupContent
		ADDED from src\main\AndroidManifest.xml:36:9-42
	android:roundIcon
		ADDED from src\main\AndroidManifest.xml:41:9-54
	android:icon
		ADDED from src\main\AndroidManifest.xml:37:9-49
	android:allowBackup
		ADDED from src\main\AndroidManifest.xml:34:9-36
	android:theme
		ADDED from src\main\AndroidManifest.xml:43:9-42
	android:networkSecurityConfig
		ADDED from src\main\AndroidManifest.xml:40:9-69
	android:enableOnBackInvokedCallback
		ADDED from src\main\AndroidManifest.xml:35:9-51
activity#com.afkanerd.deku.MainActivity
ADDED from src\main\AndroidManifest.xml:44:9-79:20
	android:launchMode
		ADDED from src\main\AndroidManifest.xml:47:13-48
	android:windowSoftInputMode
		ADDED from src\main\AndroidManifest.xml:46:13-55
	android:exported
		ADDED from src\main\AndroidManifest.xml:48:13-36
	android:name
		ADDED from src\main\AndroidManifest.xml:45:13-58
intent-filter#action:name:android.intent.action.MAIN+category:name:android.intent.category.LAUNCHER
ADDED from src\main\AndroidManifest.xml:49:13-53:29
action#android.intent.action.MAIN
ADDED from src\main\AndroidManifest.xml:50:17-69
	android:name
		ADDED from src\main\AndroidManifest.xml:50:25-66
category#android.intent.category.LAUNCHER
ADDED from src\main\AndroidManifest.xml:52:17-77
	android:name
		ADDED from src\main\AndroidManifest.xml:52:27-74
intent-filter#action:name:android.intent.action.SEND+category:name:android.intent.category.DEFAULT+data:mimeType:text/plain
ADDED from src\main\AndroidManifest.xml:54:13-60:29
action#android.intent.action.SEND
ADDED from src\main\AndroidManifest.xml:55:17-69
	android:name
		ADDED from src\main\AndroidManifest.xml:55:25-66
category#android.intent.category.DEFAULT
ADDED from src\main\AndroidManifest.xml:57:17-76
	android:name
		ADDED from src\main\AndroidManifest.xml:57:27-73
intent-filter#action:name:android.intent.action.DATA_SMS_RECEIVED+action:name:android.intent.action.SEND+action:name:android.intent.action.SENDTO+action:name:com.afkanerd.deku.DATA_DELIVERED_BROADCAST_INTENT+action:name:com.afkanerd.deku.DATA_SENT_BROADCAST_INTENT+action:name:com.afkanerd.deku.SMS_DELIVERED_BROADCAST_INTENT+action:name:com.afkanerd.deku.SMS_SENT_BROADCAST_INTENT+category:name:android.intent.category.BROWSABLE+category:name:android.intent.category.DEFAULT+data:scheme:mms+data:scheme:mmsto+data:scheme:sms+data:scheme:smsto
ADDED from src\main\AndroidManifest.xml:62:13-78:29
action#android.intent.action.DATA_SMS_RECEIVED
ADDED from src\main\AndroidManifest.xml:63:17-82
	android:name
		ADDED from src\main\AndroidManifest.xml:63:25-79
action#com.afkanerd.deku.SMS_DELIVERED_BROADCAST_INTENT
ADDED from src\main\AndroidManifest.xml:66:17-91
	android:name
		ADDED from src\main\AndroidManifest.xml:66:25-88
action#com.afkanerd.deku.SMS_SENT_BROADCAST_INTENT
ADDED from src\main\AndroidManifest.xml:67:17-86
	android:name
		ADDED from src\main\AndroidManifest.xml:67:25-83
action#com.afkanerd.deku.DATA_SENT_BROADCAST_INTENT
ADDED from src\main\AndroidManifest.xml:68:17-87
	android:name
		ADDED from src\main\AndroidManifest.xml:68:25-84
action#com.afkanerd.deku.DATA_DELIVERED_BROADCAST_INTENT
ADDED from src\main\AndroidManifest.xml:69:17-92
	android:name
		ADDED from src\main\AndroidManifest.xml:69:25-89
category#android.intent.category.BROWSABLE
ADDED from src\main\AndroidManifest.xml:72:17-78
	android:name
		ADDED from src\main\AndroidManifest.xml:72:27-75
activity#com.afkanerd.deku.Router.Settings.GatewayServerSettingsActivity
ADDED from src\main\AndroidManifest.xml:80:9-83:112
	android:parentActivityName
		ADDED from src\main\AndroidManifest.xml:83:13-109
	android:exported
		ADDED from src\main\AndroidManifest.xml:82:13-37
	android:name
		ADDED from src\main\AndroidManifest.xml:81:13-91
service#androidx.appcompat.app.AppLocalesMetadataHolderService
ADDED from src\main\AndroidManifest.xml:85:9-92:19
	android:enabled
		ADDED from src\main\AndroidManifest.xml:87:13-36
	android:exported
		ADDED from src\main\AndroidManifest.xml:88:13-37
	android:name
		ADDED from src\main\AndroidManifest.xml:86:13-82
meta-data#autoStoreLocales
ADDED from src\main\AndroidManifest.xml:89:13-91:40
	android:value
		ADDED from src\main\AndroidManifest.xml:91:17-37
	android:name
		ADDED from src\main\AndroidManifest.xml:90:17-48
activity#com.afkanerd.deku.DefaultSMS.AboutActivity
ADDED from src\main\AndroidManifest.xml:94:9-96:39
	android:exported
		ADDED from src\main\AndroidManifest.xml:96:13-37
	android:name
		ADDED from src\main\AndroidManifest.xml:95:13-42
activity#com.afkanerd.deku.DefaultSMS.SettingsActivity
ADDED from src\main\AndroidManifest.xml:97:9-99:39
	android:exported
		ADDED from src\main\AndroidManifest.xml:99:13-37
	android:name
		ADDED from src\main\AndroidManifest.xml:98:13-45
activity#com.afkanerd.deku.Images.Images.ImageViewActivity
ADDED from src\main\AndroidManifest.xml:100:9-102:39
	android:exported
		ADDED from src\main\AndroidManifest.xml:102:13-37
	android:name
		ADDED from src\main\AndroidManifest.xml:101:13-77
activity#com.afkanerd.deku.Router.GatewayServers.GatewayServerListingActivity
ADDED from src\main\AndroidManifest.xml:104:9-107:112
	android:parentActivityName
		ADDED from src\main\AndroidManifest.xml:107:13-109
	android:exported
		ADDED from src\main\AndroidManifest.xml:106:13-37
	android:name
		ADDED from src\main\AndroidManifest.xml:105:13-96
activity#com.afkanerd.deku.Router.GatewayServers.GatewayServerRoutedActivity
ADDED from src\main\AndroidManifest.xml:108:9-110:39
	android:exported
		ADDED from src\main\AndroidManifest.xml:110:13-37
	android:name
		ADDED from src\main\AndroidManifest.xml:109:13-95
receiver#com.afkanerd.deku.DefaultSMS.BroadcastReceivers.IncomingDataSMSBroadcastReceiver
ADDED from src\main\AndroidManifest.xml:112:9-123:20
	android:exported
		ADDED from src\main\AndroidManifest.xml:114:13-36
	android:permission
		ADDED from src\main\AndroidManifest.xml:115:13-66
	android:name
		ADDED from src\main\AndroidManifest.xml:113:13-80
intent-filter#action:name:android.intent.action.DATA_SMS_RECEIVED+data:host:localhost+data:scheme:sms
ADDED from src\main\AndroidManifest.xml:116:13-122:29
receiver#com.afkanerd.deku.DefaultSMS.BroadcastReceivers.IncomingTextSMSBroadcastReceiver
ADDED from src\main\AndroidManifest.xml:124:9-136:20
	android:exported
		ADDED from src\main\AndroidManifest.xml:126:13-36
	android:permission
		ADDED from src\main\AndroidManifest.xml:127:13-66
	android:name
		ADDED from src\main\AndroidManifest.xml:125:13-80
intent-filter#action:name:android.provider.Telephony.SMS_DELIVER+action:name:android.provider.Telephony.SMS_RECEIVED+action:name:com.afkanerd.deku.DATA_DELIVERED_BROADCAST_INTENT+action:name:com.afkanerd.deku.DATA_SENT_BROADCAST_INTENT+action:name:com.afkanerd.deku.SMS_DELIVERED_BROADCAST_INTENT+action:name:com.afkanerd.deku.SMS_SENT_BROADCAST_INTENT
ADDED from src\main\AndroidManifest.xml:128:13-135:29
action#android.provider.Telephony.SMS_RECEIVED
ADDED from src\main\AndroidManifest.xml:129:17-82
	android:name
		ADDED from src\main\AndroidManifest.xml:129:25-79
receiver#com.afkanerd.deku.DefaultSMS.BroadcastReceivers.MMSReceiverBroadcastReceiver
ADDED from src\main\AndroidManifest.xml:137:9-146:20
	android:exported
		ADDED from src\main\AndroidManifest.xml:139:13-36
	android:permission
		ADDED from src\main\AndroidManifest.xml:140:13-71
	android:name
		ADDED from src\main\AndroidManifest.xml:138:13-76
intent-filter#action:name:android.provider.Telephony.WAP_PUSH_DELIVER+data:mimeType:application/vnd.wap.mms-message
ADDED from src\main\AndroidManifest.xml:141:13-145:29
action#android.provider.Telephony.WAP_PUSH_DELIVER
ADDED from src\main\AndroidManifest.xml:142:17-86
	android:name
		ADDED from src\main\AndroidManifest.xml:142:25-83
receiver#com.afkanerd.deku.DefaultSMS.BroadcastReceivers.IncomingTextSMSReplyMuteActionBroadcastReceiver
ADDED from src\main\AndroidManifest.xml:147:9-155:20
	android:enabled
		ADDED from src\main\AndroidManifest.xml:149:13-35
	android:exported
		ADDED from src\main\AndroidManifest.xml:150:13-37
	android:name
		ADDED from src\main\AndroidManifest.xml:148:13-95
intent-filter#action:name:com.afkanerd.deku.MARK_AS_READ_BROADCAST_ACTION+action:name:com.afkanerd.deku.REPLY_BROADCAST_ACTION
ADDED from src\main\AndroidManifest.xml:151:13-154:29
action#com.afkanerd.deku.REPLY_BROADCAST_ACTION